09:38:28:770: Profile "JiNx": Try open LoginClient Socket(IP:34.207.184.103 Port
:2593)
09:38:29:046: Profile "JiNx": LoginClient Socket opened!
09:38:35:882: Profile "JiNx": Try open GameClient Socket
09:38:35:882: Game redirect. IP: 34.207.184.103 Port: 2593 Key: 5C197C0C
09:38:36:134: Profile "JiNx": GameClient Socket opened!
09:38:40:973: Loading Verdata failed, reason : File not exists;
09:38:40:974: Loading TileData HS
09:38:41:018: Loading Tiledata  HS success;
09:38:41:033: Loading Multis  HS success;
09:38:41:042: Loading Hues success;
09:38:41:228: Loading Art  HS success;
09:38:41:229: Loading Clilocs success;
09:38:41:230: Intlocs initialized;
09:38:41:288: Loading SpeechKeys success;
09:38:41:288: Loading Skills
09:38:41:292: Loading Map Diffs
09:38:41:293: No map diffs found.
09:38:41:293: Loading Maps
09:38:41:298: Map 0 loaded.
09:38:41:301: Map 1 loaded.
09:38:41:303: Map 2 loaded.
09:38:41:306: Map 3 loaded.
09:38:41:308: Map 4 loaded.
09:38:41:313: Map 5 loaded.
09:38:41:313: Loading Radarcol sucess;
09:38:41:676: Creating Cliloc Cachefile: Cliloc.enu
09:38:43:466: Creating Lang Cliloc Cachefile: Cliloc.enu
09:39:10:292: Splash patched successful
09:39:10:324: Resolution patch failed
09:39:10:332: BlowfishPatch failed, both sigs not found - maybe no Blowfish here?
09:39:10:345: New Twofish encryption patched successful
09:39:10:357: New Login encryption patched successful
09:39:10:359: Game decryption patched successful
09:39:10:400: ShardNameCutting patched successful
09:39:13:017: DLL injected sucessfully
09:39:13:580: StealthServer.ServerClientConnect
09:43:32:051: Looks like disconnect
10:03:37:698: Profile "JiNx": Try open LoginClient Socket(IP:34.207.184.103 Port
:2593)
10:03:37:973: Profile "JiNx": LoginClient Socket opened!
10:03:43:190: Profile "JiNx": Try open GameClient Socket
10:03:43:190: Game redirect. IP: 34.207.184.103 Port: 2593 Key: F32AD322
10:03:43:443: Profile "JiNx": GameClient Socket opened!
10:03:47:422: Loading Verdata failed, reason : File not exists;
10:03:47:451: Loading Tiledata  HS success;
10:03:47:462: Loading Multis  HS success;
10:03:47:465: Loading Hues success;
10:03:47:645: Loading Art  HS success;
10:03:47:645: Loading Clilocs success;
10:03:47:645: Intlocs initialized;
10:03:47:705: Loading SpeechKeys success;
10:03:47:705: Loading Skills
10:03:47:708: Loading Map Diffs
10:03:47:709: No map diffs found.
10:03:47:709: Loading Maps
10:03:47:711: Map 0 loaded.
10:03:47:714: Map 1 loaded.
10:03:47:716: Map 2 loaded.
10:03:47:719: Map 3 loaded.
10:03:47:721: Map 4 loaded.
10:03:47:724: Map 5 loaded.
10:03:47:724: Loading Radarcol sucess;
